0 info it worked if it ends with ok
1 verbose cli [ '/usr/local/bin/node', '/usr/local/bin/npm', 'start' ]
2 info using npm@3.7.3
3 info using node@v5.9.0
4 verbose run-script [ 'prestart', 'start', 'poststart' ]
5 info lifecycle xfit_api@1.0.0~prestart: xfit_api@1.0.0
6 silly lifecycle xfit_api@1.0.0~prestart: no script for prestart, continuing
7 info lifecycle xfit_api@1.0.0~start: xfit_api@1.0.0
8 verbose lifecycle xfit_api@1.0.0~start: unsafe-perm in lifecycle true
9 verbose lifecycle xfit_api@1.0.0~start: PATH: /usr/local/lib/node_modules/npm/bin/node-gyp-bin:/Users/administrator/dev/REST_API_NODE/node_modules/.bin:/usr/local/bin:/Users/administrator/.rvm/gems/ruby-2.2.1/bin:/Users/administrator/.rvm/gems/ruby-2.2.1@global/bin:/Users/administrator/.rvm/rubies/ruby-2.2.1/bin:/usr/local/bin:/usr/bin:/bin:/usr/sbin:/sbin:/usr/local/git/bin:/Users/administrator/.rvm/bin:/Applications/Postgres.app/Contents/Versions/9.4/bin:/Users/administrator/.rvm/bin
10 verbose lifecycle xfit_api@1.0.0~start: CWD: /Users/administrator/dev/REST_API_NODE
11 silly lifecycle xfit_api@1.0.0~start: Args: [ '-c', 'node server.js' ]
12 silly lifecycle xfit_api@1.0.0~start: Returned: code: 1  signal: null
13 info lifecycle xfit_api@1.0.0~start: Failed to exec start script
14 verbose stack Error: xfit_api@1.0.0 start: `node server.js`
14 verbose stack Exit status 1
14 verbose stack     at EventEmitter.<anonymous> (/usr/local/lib/node_modules/npm/lib/utils/lifecycle.js:239:16)
14 verbose stack     at emitTwo (events.js:100:13)
14 verbose stack     at EventEmitter.emit (events.js:185:7)
14 verbose stack     at ChildProcess.<anonymous> (/usr/local/lib/node_modules/npm/lib/utils/spawn.js:24:14)
14 verbose stack     at emitTwo (events.js:100:13)
14 verbose stack     at ChildProcess.emit (events.js:185:7)
14 verbose stack     at maybeClose (internal/child_process.js:850:16)
14 verbose stack     at Process.ChildProcess._handle.onexit (internal/child_process.js:215:5)
15 verbose pkgid xfit_api@1.0.0
16 verbose cwd /Users/administrator/dev/REST_API_NODE
17 error Darwin 14.5.0
18 error argv "/usr/local/bin/node" "/usr/local/bin/npm" "start"
19 error node v5.9.0
20 error npm  v3.7.3
21 error code ELIFECYCLE
22 error xfit_api@1.0.0 start: `node server.js`
22 error Exit status 1
23 error Failed at the xfit_api@1.0.0 start script 'node server.js'.
23 error Make sure you have the latest version of node.js and npm installed.
23 error If you do, this is most likely a problem with the xfit_api package,
23 error not with npm itself.
23 error Tell the author that this fails on your system:
23 error     node server.js
23 error You can get information on how to open an issue for this project with:
23 error     npm bugs xfit_api
23 error Or if that isn't available, you can get their info via:
23 error     npm owner ls xfit_api
23 error There is likely additional logging output above.
24 verbose exit [ 1, true ]
